<?xml version="1.0" encoding="UTF-8"?>
<testng-results total="0" passed="0" failed="0" skipped="0">
  <reporter-output>
  </reporter-output>
  <suite started-at="2021-12-15T07:02:02Z" name="Surefire suite" finished-at="2021-12-15T07:04:49Z" duration-ms="167506">
    <groups>
    </groups>
    <test started-at="2021-12-15T07:02:02Z" name="Surefire test" finished-at="2021-12-15T07:04:49Z" duration-ms="167506">
    </test> <!-- Surefire test -->
  </suite> <!-- Surefire suite -->
</testng-results>
