<?xml version="1.0" encoding="UTF-8"?>
<testng-results total="17" passed="16" failed="1" skipped="0">
  <reporter-output>
  </reporter-output>
  <suite started-at="2021-12-15T06:58:54Z" name="Surefire suite" finished-at="2021-12-15T07:02:02Z" duration-ms="187631">
    <groups>
      <group name="cucumber">
        <method signature="AbstractTestNGCucumberTests.runScenario(io.cucumber.testng.PickleWrapper, io.cucumber.testng.FeatureWrapper)[pri:0, instance:TestNGRunners.RegisterTest@4f49f6af]" name="runScenario" class="io.cucumber.testng.AbstractTestNGCucumberTests"/>
        <method signature="AbstractTestNGCucumberTests.runScenario(io.cucumber.testng.PickleWrapper, io.cucumber.testng.FeatureWrapper)[pri:0, instance:TestNGRunners.cartTest@7d322cad]" name="runScenario" class="io.cucumber.testng.AbstractTestNGCucumberTests"/>
        <method signature="AbstractTestNGCucumberTests.runScenario(io.cucumber.testng.PickleWrapper, io.cucumber.testng.FeatureWrapper)[pri:0, instance:TestNGRunners.loginTests@21be3395]" name="runScenario" class="io.cucumber.testng.AbstractTestNGCucumberTests"/>
        <method signature="AbstractTestNGCucumberTests.runScenario(io.cucumber.testng.PickleWrapper, io.cucumber.testng.FeatureWrapper)[pri:0, instance:TestNGRunners.searchTest@78452606]" name="runScenario" class="io.cucumber.testng.AbstractTestNGCucumberTests"/>
      </group> <!-- cucumber -->
    </groups>
    <test started-at="2021-12-15T06:58:54Z" name="Surefire test" finished-at="2021-12-15T07:02:02Z" duration-ms="187631">
      <class name="TestNGRunners.loginTests">
        <test-method is-config="true" signature="setUpClass(org.testng.ITestContext)[pri:0, instance:TestNGRunners.loginTests@21be3395]" started-at="2021-12-15T12:29:54Z" name="setUpClass" finished-at="2021-12-15T12:29:54Z" duration-ms="12" status="PASS">
          <params>
            <param index="0">
              <value>
                <![CDATA[org.testng.TestRunner@6f67ece5]]>
              </value>
            </param>
          </params>
          <reporter-output>
          </reporter-output>
        </test-method> <!-- setUpClass -->
        <test-method signature="runScenario(io.cucumber.testng.PickleWrapper, io.cucumber.testng.FeatureWrapper)[pri:0, instance:TestNGRunners.loginTests@21be3395]" started-at="2021-12-15T12:29:54Z" name="runScenario" description="Runs Cucumber Scenarios" data-provider="scenarios" finished-at="2021-12-15T12:30:04Z" duration-ms="10786" status="PASS">
          <params>
            <param index="0">
              <value>
                <![CDATA["Check login is successful with valid credentials"]]>
              </value>
            </param>
            <param index="1">
              <value>
                <![CDATA["Optional[feature to test login functionality]"]]>
              </value>
            </param>
          </params>
          <reporter-output>
          </reporter-output>
        </test-method> <!-- runScenario -->
        <test-method signature="runScenario(io.cucumber.testng.PickleWrapper, io.cucumber.testng.FeatureWrapper)[pri:0, instance:TestNGRunners.loginTests@21be3395]" started-at="2021-12-15T12:30:04Z" name="runScenario" description="Runs Cucumber Scenarios" data-provider="scenarios" finished-at="2021-12-15T12:30:12Z" duration-ms="7464" status="PASS">
          <params>
            <param index="0">
              <value>
                <![CDATA["Check login  with invalid username"]]>
              </value>
            </param>
            <param index="1">
              <value>
                <![CDATA["Optional[feature to test login functionality]"]]>
              </value>
            </param>
          </params>
          <reporter-output>
          </reporter-output>
        </test-method> <!-- runScenario -->
        <test-method signature="runScenario(io.cucumber.testng.PickleWrapper, io.cucumber.testng.FeatureWrapper)[pri:0, instance:TestNGRunners.loginTests@21be3395]" started-at="2021-12-15T12:30:12Z" name="runScenario" description="Runs Cucumber Scenarios" data-provider="scenarios" finished-at="2021-12-15T12:30:21Z" duration-ms="9286" status="PASS">
          <params>
            <param index="0">
              <value>
                <![CDATA["Check login with invalid password"]]>
              </value>
            </param>
            <param index="1">
              <value>
                <![CDATA["Optional[feature to test login functionality]"]]>
              </value>
            </param>
          </params>
          <reporter-output>
          </reporter-output>
        </test-method> <!-- runScenario -->
        <test-method signature="runScenario(io.cucumber.testng.PickleWrapper, io.cucumber.testng.FeatureWrapper)[pri:0, instance:TestNGRunners.loginTests@21be3395]" started-at="2021-12-15T12:30:21Z" name="runScenario" description="Runs Cucumber Scenarios" data-provider="scenarios" finished-at="2021-12-15T12:30:30Z" duration-ms="8882" status="PASS">
          <params>
            <param index="0">
              <value>
                <![CDATA["Check login with empty fields"]]>
              </value>
            </param>
            <param index="1">
              <value>
                <![CDATA["Optional[feature to test login functionality]"]]>
              </value>
            </param>
          </params>
          <reporter-output>
          </reporter-output>
        </test-method> <!-- runScenario -->
        <test-method signature="runScenario(io.cucumber.testng.PickleWrapper, io.cucumber.testng.FeatureWrapper)[pri:0, instance:TestNGRunners.loginTests@21be3395]" started-at="2021-12-15T12:30:30Z" name="runScenario" description="Runs Cucumber Scenarios" data-provider="scenarios" finished-at="2021-12-15T12:30:40Z" duration-ms="9624" status="PASS">
          <params>
            <param index="0">
              <value>
                <![CDATA["Check login with unregistered user"]]>
              </value>
            </param>
            <param index="1">
              <value>
                <![CDATA["Optional[feature to test login functionality]"]]>
              </value>
            </param>
          </params>
          <reporter-output>
          </reporter-output>
        </test-method> <!-- runScenario -->
        <test-method is-config="true" signature="tearDownClass()[pri:0, instance:TestNGRunners.loginTests@21be3395]" started-at="2021-12-15T12:30:40Z" name="tearDownClass" finished-at="2021-12-15T12:30:41Z" duration-ms="1320" status="PASS">
          <reporter-output>
          </reporter-output>
        </test-method> <!-- tearDownClass -->
      </class> <!-- TestNGRunners.loginTests -->
      <class name="TestNGRunners.RegisterTest">
        <test-method is-config="true" signature="setUpClass(org.testng.ITestContext)[pri:0, instance:TestNGRunners.RegisterTest@4f49f6af]" started-at="2021-12-15T12:30:41Z" name="setUpClass" finished-at="2021-12-15T12:30:41Z" duration-ms="27" status="PASS">
          <params>
            <param index="0">
              <value>
                <![CDATA[org.testng.TestRunner@6f67ece5]]>
              </value>
            </param>
          </params>
          <reporter-output>
          </reporter-output>
        </test-method> <!-- setUpClass -->
        <test-method signature="runScenario(io.cucumber.testng.PickleWrapper, io.cucumber.testng.FeatureWrapper)[pri:0, instance:TestNGRunners.RegisterTest@4f49f6af]" started-at="2021-12-15T12:30:41Z" name="runScenario" description="Runs Cucumber Scenarios" data-provider="scenarios" finished-at="2021-12-15T12:30:50Z" duration-ms="8781" status="PASS">
          <params>
            <param index="0">
              <value>
                <![CDATA["check the register page"]]>
              </value>
            </param>
            <param index="1">
              <value>
                <![CDATA["Optional[User Registeration]"]]>
              </value>
            </param>
          </params>
          <reporter-output>
          </reporter-output>
        </test-method> <!-- runScenario -->
        <test-method signature="runScenario(io.cucumber.testng.PickleWrapper, io.cucumber.testng.FeatureWrapper)[pri:0, instance:TestNGRunners.RegisterTest@4f49f6af]" started-at="2021-12-15T12:30:50Z" name="runScenario" description="Runs Cucumber Scenarios" data-provider="scenarios" finished-at="2021-12-15T12:30:59Z" duration-ms="9480" status="PASS">
          <params>
            <param index="0">
              <value>
                <![CDATA["Check register with valid input fields"]]>
              </value>
            </param>
            <param index="1">
              <value>
                <![CDATA["Optional[User Registeration]"]]>
              </value>
            </param>
          </params>
          <reporter-output>
          </reporter-output>
        </test-method> <!-- runScenario -->
        <test-method signature="runScenario(io.cucumber.testng.PickleWrapper, io.cucumber.testng.FeatureWrapper)[pri:0, instance:TestNGRunners.RegisterTest@4f49f6af]" started-at="2021-12-15T12:30:59Z" name="runScenario" description="Runs Cucumber Scenarios" data-provider="scenarios" finished-at="2021-12-15T12:31:07Z" duration-ms="7865" status="PASS">
          <params>
            <param index="0">
              <value>
                <![CDATA["check register for empty fields"]]>
              </value>
            </param>
            <param index="1">
              <value>
                <![CDATA["Optional[User Registeration]"]]>
              </value>
            </param>
          </params>
          <reporter-output>
          </reporter-output>
        </test-method> <!-- runScenario -->
        <test-method signature="runScenario(io.cucumber.testng.PickleWrapper, io.cucumber.testng.FeatureWrapper)[pri:0, instance:TestNGRunners.RegisterTest@4f49f6af]" started-at="2021-12-15T12:31:07Z" name="runScenario" description="Runs Cucumber Scenarios" data-provider="scenarios" finished-at="2021-12-15T12:31:14Z" duration-ms="6758" status="PASS">
          <params>
            <param index="0">
              <value>
                <![CDATA["check register for invalid email"]]>
              </value>
            </param>
            <param index="1">
              <value>
                <![CDATA["Optional[User Registeration]"]]>
              </value>
            </param>
          </params>
          <reporter-output>
          </reporter-output>
        </test-method> <!-- runScenario -->
        <test-method signature="runScenario(io.cucumber.testng.PickleWrapper, io.cucumber.testng.FeatureWrapper)[pri:0, instance:TestNGRunners.RegisterTest@4f49f6af]" started-at="2021-12-15T12:31:14Z" name="runScenario" description="Runs Cucumber Scenarios" data-provider="scenarios" finished-at="2021-12-15T12:31:21Z" duration-ms="6890" status="PASS">
          <params>
            <param index="0">
              <value>
                <![CDATA["check register with different values for password and confirm password"]]>
              </value>
            </param>
            <param index="1">
              <value>
                <![CDATA["Optional[User Registeration]"]]>
              </value>
            </param>
          </params>
          <reporter-output>
          </reporter-output>
        </test-method> <!-- runScenario -->
        <test-method signature="runScenario(io.cucumber.testng.PickleWrapper, io.cucumber.testng.FeatureWrapper)[pri:0, instance:TestNGRunners.RegisterTest@4f49f6af]" started-at="2021-12-15T12:31:21Z" name="runScenario" description="Runs Cucumber Scenarios" data-provider="scenarios" finished-at="2021-12-15T12:31:42Z" duration-ms="21103" status="FAIL">
          <params>
            <param index="0">
              <value>
                <![CDATA["check register with invalid password"]]>
              </value>
            </param>
            <param index="1">
              <value>
                <![CDATA["Optional[User Registeration]"]]>
              </value>
            </param>
          </params>
          <exception class="org.openqa.selenium.NoSuchElementException">
            <message>
              <![CDATA[no such element: Unable to locate element: {"method":"css selector","selector":"span[id='Password-error'] p"}
  (Session info: chrome=96.0.4664.110)
For documentation on this error, please visit: https://selenium.dev/exceptions/#no_such_element
Build info: version: '4.0.0', revision: '3a21814679'
System info: host: 'IVL-WS131', ip: '10.0.12.34', os.name: 'Windows 10', os.arch: 'amd64', os.version: '10.0', java.version: '11.0.12'
Driver info: org.openqa.selenium.chrome.ChromeDriver
Command: [0d5f342bc00e1b7d19a230ce5761dab3, findElement {using=css selector, value=span[id='Password-error'] p}]
Capabilities {acceptInsecureCerts: false, browserName: chrome, browserVersion: 96.0.4664.110, chrome: {chromedriverVersion: 96.0.4664.45 (76e4c1bb2ab46..., userDataDir: C:\Users\SINDHU~1.NAI\AppDa...}, goog:chromeOptions: {debuggerAddress: localhost:62315}, javascriptEnabled: true, networkConnectionEnabled: false, pageLoadStrategy: normal, platform: WINDOWS, platformName: WINDOWS, proxy: Proxy(), se:cdp: ws://localhost:62315/devtoo..., se:cdpVersion: 96.0.4664.110, setWindowRect: true, strictFileInteractability: false, timeouts: {implicit: 0, pageLoad: 300000, script: 30000}, unhandledPromptBehavior: dismiss and notify, webauthn:extension:credBlob: true, webauthn:extension:largeBlob: true, webauthn:virtualAuthenticators: true}
Session ID: 0d5f342bc00e1b7d19a230ce5761dab3]]>
            </message>
            <full-stacktrace>
              <![CDATA[org.openqa.selenium.NoSuchElementException: no such element: Unable to locate element: {"method":"css selector","selector":"span[id='Password-error'] p"}
  (Session info: chrome=96.0.4664.110)
For documentation on this error, please visit: https://selenium.dev/exceptions/#no_such_element
Build info: version: '4.0.0', revision: '3a21814679'
System info: host: 'IVL-WS131', ip: '10.0.12.34', os.name: 'Windows 10', os.arch: 'amd64', os.version: '10.0', java.version: '11.0.12'
Driver info: org.openqa.selenium.chrome.ChromeDriver
Command: [0d5f342bc00e1b7d19a230ce5761dab3, findElement {using=css selector, value=span[id='Password-error'] p}]
Capabilities {acceptInsecureCerts: false, browserName: chrome, browserVersion: 96.0.4664.110, chrome: {chromedriverVersion: 96.0.4664.45 (76e4c1bb2ab46..., userDataDir: C:\Users\SINDHU~1.NAI\AppDa...}, goog:chromeOptions: {debuggerAddress: localhost:62315}, javascriptEnabled: true, networkConnectionEnabled: false, pageLoadStrategy: normal, platform: WINDOWS, platformName: WINDOWS, proxy: Proxy(), se:cdp: ws://localhost:62315/devtoo..., se:cdpVersion: 96.0.4664.110, setWindowRect: true, strictFileInteractability: false, timeouts: {implicit: 0, pageLoad: 300000, script: 30000}, unhandledPromptBehavior: dismiss and notify, webauthn:extension:credBlob: true, webauthn:extension:largeBlob: true, webauthn:virtualAuthenticators: true}
Session ID: 0d5f342bc00e1b7d19a230ce5761dab3
	at java.base/jdk.internal.reflect.NativeConstructorAccessorImpl.newInstance0(Native Method)
	at java.base/jdk.internal.reflect.NativeConstructorAccessorImpl.newInstance(NativeConstructorAccessorImpl.java:62)
	at java.base/jdk.internal.reflect.DelegatingConstructorAccessorImpl.newInstance(DelegatingConstructorAccessorImpl.java:45)
	at java.base/java.lang.reflect.Constructor.newInstance(Constructor.java:490)
	at org.openqa.selenium.remote.codec.w3c.W3CHttpResponseCodec.createException(W3CHttpResponseCodec.java:200)
	at org.openqa.selenium.remote.codec.w3c.W3CHttpResponseCodec.decode(W3CHttpResponseCodec.java:133)
	at org.openqa.selenium.remote.codec.w3c.W3CHttpResponseCodec.decode(W3CHttpResponseCodec.java:53)
	at org.openqa.selenium.remote.HttpCommandExecutor.execute(HttpCommandExecutor.java:184)
	at org.openqa.selenium.remote.service.DriverCommandExecutor.invokeExecute(DriverCommandExecutor.java:164)
	at org.openqa.selenium.remote.service.DriverCommandExecutor.execute(DriverCommandExecutor.java:139)
	at org.openqa.selenium.remote.RemoteWebDriver.execute(RemoteWebDriver.java:559)
	at org.openqa.selenium.remote.ElementLocation$ElementFinder$2.findElement(ElementLocation.java:162)
	at org.openqa.selenium.remote.ElementLocation.findElement(ElementLocation.java:60)
	at org.openqa.selenium.remote.RemoteWebDriver.findElement(RemoteWebDriver.java:383)
	at org.openqa.selenium.remote.RemoteWebDriver.findElement(RemoteWebDriver.java:375)
	at org.openqa.selenium.support.pagefactory.DefaultElementLocator.findElement(DefaultElementLocator.java:70)
	at org.openqa.selenium.support.pagefactory.internal.LocatingElementHandler.invoke(LocatingElementHandler.java:39)
	at com.sun.proxy.$Proxy28.getText(Unknown Source)
	at automation.registerAutomation.user_gets_error_message_for_invalid_password(registerAutomation.java:211)
	at ✽.user gets error message for invalid password(file:///C:/Users/Sindhu.Naik/eclipse-workspace/Cucumbernop/src/test/resources/Features/registeration.feature:47)
]]>
            </full-stacktrace>
          </exception> <!-- org.openqa.selenium.NoSuchElementException -->
          <reporter-output>
          </reporter-output>
        </test-method> <!-- runScenario -->
        <test-method signature="runScenario(io.cucumber.testng.PickleWrapper, io.cucumber.testng.FeatureWrapper)[pri:0, instance:TestNGRunners.RegisterTest@4f49f6af]" started-at="2021-12-15T12:31:42Z" name="runScenario" description="Runs Cucumber Scenarios" data-provider="scenarios" finished-at="2021-12-15T12:31:48Z" duration-ms="6306" status="PASS">
          <params>
            <param index="0">
              <value>
                <![CDATA["check register for duplicate user"]]>
              </value>
            </param>
            <param index="1">
              <value>
                <![CDATA["Optional[User Registeration]"]]>
              </value>
            </param>
          </params>
          <reporter-output>
          </reporter-output>
        </test-method> <!-- runScenario -->
        <test-method is-config="true" signature="tearDownClass()[pri:0, instance:TestNGRunners.RegisterTest@4f49f6af]" started-at="2021-12-15T12:31:48Z" name="tearDownClass" finished-at="2021-12-15T12:31:50Z" duration-ms="1358" status="PASS">
          <reporter-output>
          </reporter-output>
        </test-method> <!-- tearDownClass -->
      </class> <!-- TestNGRunners.RegisterTest -->
      <class name="TestNGRunners.cartTest">
        <test-method is-config="true" signature="setUpClass(org.testng.ITestContext)[pri:0, instance:TestNGRunners.cartTest@7d322cad]" started-at="2021-12-15T12:28:54Z" name="setUpClass" finished-at="2021-12-15T12:28:54Z" duration-ms="393" status="PASS">
          <params>
            <param index="0">
              <value>
                <![CDATA[org.testng.TestRunner@6f67ece5]]>
              </value>
            </param>
          </params>
          <reporter-output>
          </reporter-output>
        </test-method> <!-- setUpClass -->
        <test-method signature="runScenario(io.cucumber.testng.PickleWrapper, io.cucumber.testng.FeatureWrapper)[pri:0, instance:TestNGRunners.cartTest@7d322cad]" started-at="2021-12-15T12:28:54Z" name="runScenario" description="Runs Cucumber Scenarios" data-provider="scenarios" finished-at="2021-12-15T12:29:04Z" duration-ms="9608" status="PASS">
          <params>
            <param index="0">
              <value>
                <![CDATA["check the URL"]]>
              </value>
            </param>
            <param index="1">
              <value>
                <![CDATA["Optional[Check Shopping cart functionality]"]]>
              </value>
            </param>
          </params>
          <reporter-output>
          </reporter-output>
        </test-method> <!-- runScenario -->
        <test-method signature="runScenario(io.cucumber.testng.PickleWrapper, io.cucumber.testng.FeatureWrapper)[pri:0, instance:TestNGRunners.cartTest@7d322cad]" started-at="2021-12-15T12:29:04Z" name="runScenario" description="Runs Cucumber Scenarios" data-provider="scenarios" finished-at="2021-12-15T12:29:11Z" duration-ms="6873" status="PASS">
          <params>
            <param index="0">
              <value>
                <![CDATA["check shopping cart with zero products"]]>
              </value>
            </param>
            <param index="1">
              <value>
                <![CDATA["Optional[Check Shopping cart functionality]"]]>
              </value>
            </param>
          </params>
          <reporter-output>
          </reporter-output>
        </test-method> <!-- runScenario -->
        <test-method signature="runScenario(io.cucumber.testng.PickleWrapper, io.cucumber.testng.FeatureWrapper)[pri:0, instance:TestNGRunners.cartTest@7d322cad]" started-at="2021-12-15T12:29:11Z" name="runScenario" description="Runs Cucumber Scenarios" data-provider="scenarios" finished-at="2021-12-15T12:29:34Z" duration-ms="22584" status="PASS">
          <params>
            <param index="0">
              <value>
                <![CDATA["check shopping cart with products added"]]>
              </value>
            </param>
            <param index="1">
              <value>
                <![CDATA["Optional[Check Shopping cart functionality]"]]>
              </value>
            </param>
          </params>
          <reporter-output>
          </reporter-output>
        </test-method> <!-- runScenario -->
        <test-method signature="runScenario(io.cucumber.testng.PickleWrapper, io.cucumber.testng.FeatureWrapper)[pri:0, instance:TestNGRunners.cartTest@7d322cad]" started-at="2021-12-15T12:29:34Z" name="runScenario" description="Runs Cucumber Scenarios" data-provider="scenarios" finished-at="2021-12-15T12:29:52Z" duration-ms="18710" status="PASS">
          <params>
            <param index="0">
              <value>
                <![CDATA["check delete item from cart"]]>
              </value>
            </param>
            <param index="1">
              <value>
                <![CDATA["Optional[Check Shopping cart functionality]"]]>
              </value>
            </param>
          </params>
          <reporter-output>
          </reporter-output>
        </test-method> <!-- runScenario -->
        <test-method is-config="true" signature="tearDownClass()[pri:0, instance:TestNGRunners.cartTest@7d322cad]" started-at="2021-12-15T12:29:52Z" name="tearDownClass" finished-at="2021-12-15T12:29:54Z" duration-ms="1335" status="PASS">
          <reporter-output>
          </reporter-output>
        </test-method> <!-- tearDownClass -->
      </class> <!-- TestNGRunners.cartTest -->
      <class name="TestNGRunners.searchTest">
        <test-method is-config="true" signature="setUpClass(org.testng.ITestContext)[pri:0, instance:TestNGRunners.searchTest@78452606]" started-at="2021-12-15T12:31:50Z" name="setUpClass" finished-at="2021-12-15T12:31:50Z" duration-ms="28" status="PASS">
          <params>
            <param index="0">
              <value>
                <![CDATA[org.testng.TestRunner@6f67ece5]]>
              </value>
            </param>
          </params>
          <reporter-output>
          </reporter-output>
        </test-method> <!-- setUpClass -->
        <test-method signature="runScenario(io.cucumber.testng.PickleWrapper, io.cucumber.testng.FeatureWrapper)[pri:0, instance:TestNGRunners.searchTest@78452606]" started-at="2021-12-15T12:31:50Z" name="runScenario" description="Runs Cucumber Scenarios" data-provider="scenarios" finished-at="2021-12-15T12:32:01Z" duration-ms="10980" status="PASS">
          <params>
            <param index="0">
              <value>
                <![CDATA["Check the search for the product which is not available"]]>
              </value>
            </param>
            <param index="1">
              <value>
                <![CDATA["Optional[search functionality]"]]>
              </value>
            </param>
          </params>
          <reporter-output>
          </reporter-output>
        </test-method> <!-- runScenario -->
        <test-method is-config="true" signature="tearDownClass()[pri:0, instance:TestNGRunners.searchTest@78452606]" started-at="2021-12-15T12:32:01Z" name="tearDownClass" finished-at="2021-12-15T12:32:02Z" duration-ms="1038" status="PASS">
          <reporter-output>
          </reporter-output>
        </test-method> <!-- tearDownClass -->
      </class> <!-- TestNGRunners.searchTest -->
    </test> <!-- Surefire test -->
  </suite> <!-- Surefire suite -->
</testng-results>
